E:\COCOS2DX\COCOS2D-2.1RC0-X-2.1.3\WOWPLANE\PROJ.WIN32\DEBUG.WIN32\APPDELEGATE.OBJ
E:\COCOS2DX\COCOS2D-2.1RC0-X-2.1.3\WOWPLANE\PROJ.WIN32\DEBUG.WIN32\HELLOWORLDSCENE.OBJ
E:\COCOS2DX\COCOS2D-2.1RC0-X-2.1.3\WOWPLANE\PROJ.WIN32\DEBUG.WIN32\MAIN.OBJ
E:\COCOS2DX\COCOS2D-2.1RC0-X-2.1.3\WOWPLANE\PROJ.WIN32\DEBUG.WIN32\VC110.PDB
E:\COCOS2DX\COCOS2D-2.1RC0-X-2.1.3\DEBUG.WIN32\WOWPLANE.WIN32.ILK
E:\COCOS2DX\COCOS2D-2.1RC0-X-2.1.3\DEBUG.WIN32\WOWPLANE.WIN32.EXE
E:\COCOS2DX\COCOS2D-2.1RC0-X-2.1.3\DEBUG.WIN32\WOWPLANE.WIN32.PDB
E:\COCOS2DX\COCOS2D-2.1RC0-X-2.1.3\WOWPLANE\PROJ.WIN32\DEBUG.WIN32\WOWPLANE.RES
E:\cocos2dx\cocos2d-2.1rc0-x-2.1.3\WowPlane\proj.win32\Debug.win32\AppDelegate.obj
E:\cocos2dx\cocos2d-2.1rc0-x-2.1.3\WowPlane\proj.win32\Debug.win32\HelloWorldScene.obj
E:\cocos2dx\cocos2d-2.1rc0-x-2.1.3\WowPlane\proj.win32\Debug.win32\main.obj
E:\cocos2dx\cocos2d-2.1rc0-x-2.1.3\WowPlane\proj.win32\Debug.win32\cl.command.1.tlog
E:\cocos2dx\cocos2d-2.1rc0-x-2.1.3\WowPlane\proj.win32\Debug.win32\CL.read.1.tlog
E:\cocos2dx\cocos2d-2.1rc0-x-2.1.3\WowPlane\proj.win32\Debug.win32\CL.write.1.tlog
E:\cocos2dx\cocos2d-2.1rc0-x-2.1.3\WowPlane\proj.win32\Debug.win32\link-cvtres.read.1.tlog
E:\cocos2dx\cocos2d-2.1rc0-x-2.1.3\WowPlane\proj.win32\Debug.win32\link-cvtres.write.1.tlog
E:\cocos2dx\cocos2d-2.1rc0-x-2.1.3\WowPlane\proj.win32\Debug.win32\link-rc.read.1.tlog
E:\cocos2dx\cocos2d-2.1rc0-x-2.1.3\WowPlane\proj.win32\Debug.win32\link-rc.write.1.tlog
E:\cocos2dx\cocos2d-2.1rc0-x-2.1.3\WowPlane\proj.win32\Debug.win32\link.command.1.tlog
E:\cocos2dx\cocos2d-2.1rc0-x-2.1.3\WowPlane\proj.win32\Debug.win32\link.read.1.tlog
E:\cocos2dx\cocos2d-2.1rc0-x-2.1.3\WowPlane\proj.win32\Debug.win32\link.write.1.tlog
E:\cocos2dx\cocos2d-2.1rc0-x-2.1.3\WowPlane\proj.win32\Debug.win32\rc.command.1.tlog
E:\cocos2dx\cocos2d-2.1rc0-x-2.1.3\WowPlane\proj.win32\Debug.win32\rc.read.1.tlog
E:\cocos2dx\cocos2d-2.1rc0-x-2.1.3\WowPlane\proj.win32\Debug.win32\rc.write.1.tlog
E:\cocos2dx\cocos2d-2.1rc0-x-2.1.3\WowPlane\proj.win32\Debug.win32\WowPlane.res
E:\cocos2dx\cocos2d-2.1rc0-x-2.1.3\WowPlane\proj.win32\Debug.win32\vc110.idb
E:\cocos2dx\cocos2d-2.1rc0-x-2.1.3\WowPlane\proj.win32\Debug.win32\vc110.pdb
E:\cocos2dx\cocos2d-2.1rc0-x-2.1.3\Debug.win32\WowPlane.win32.pdb
E:\cocos2dx\cocos2d-2.1rc0-x-2.1.3\Debug.win32\WowPlane.win32.exe
E:\cocos2dx\cocos2d-2.1rc0-x-2.1.3\Debug.win32\WowPlane.win32.ilk
